
SQL*Loader: Release 11.2.0.2.0 - Production on Mar Jun 11 21:39:43 2019

Copyright (c) 1982, 2009, Oracle and/or its affiliates.  All rights reserved.

Control File:   cafe.ctl
Data File:      archivo_limpio3.csv
  Bad File:     archivo_limpio3.bad
  Discard File:  none specified
 
 (Allow all discards)

Number to load: ALL
Number to skip: 0
Errors allowed: 50
Bind array:     64 rows, maximum of 256000 bytes
Continuation:    none specified
Path used:      Conventional

Table EXPORTACIONES, loaded from every logical record.
Insert option in effect for this table: INSERT
TRAILING NULLCOLS option in effect

   Column Name                  Position   Len  Term Encl Datatype
------------------------------ ---------- ----- ---- ---- ---------------------
ID                                  FIRST     *   ;       CHARACTER            
ANIO                                 NEXT     *   ;       CHARACTER            
MES                                  NEXT     *   ;       CHARACTER            
CODIGOPAIS                           NEXT     *   ;       CHARACTER            
PAISDESTINO                          NEXT     *   ;       CHARACTER            
CODIGODEPTO                          NEXT     *   ;       CHARACTER            
DEPARTAMENTOORIGEN                   NEXT     *   ;       CHARACTER            
PARTIDA                              NEXT     *   ;       CHARACTER            
CADENA                               NEXT     *   ;       CHARACTER            
PRODUCTO                             NEXT     *   ;       CHARACTER            
CODIGOUNIDAD                         NEXT     *   ;       CHARACTER            
CANTIDADUNIDADES                     NEXT     *   ;       CHARACTER            
VALORMILESFOBDOL                     NEXT     *   ;       CHARACTER            
VALORMILESPESOS                      NEXT     *   ;       CHARACTER            
VOLUMENTONELADAS                     NEXT     *  WHT      CHARACTER            


Table EXPORTACIONES:
  56305 Rows successfully loaded.
  0 Rows not loaded due to data errors.
  0 Rows not loaded because all WHEN clauses were failed.
  0 Rows not loaded because all fields were null.


Space allocated for bind array:                 247680 bytes(64 rows)
Read   buffer bytes: 1048576

Total logical records skipped:          0
Total logical records read:         56305
Total logical records rejected:         0
Total logical records discarded:        0

Run began on Mar Jun 11 21:39:43 2019
Run ended on Mar Jun 11 21:40:09 2019

Elapsed time was:     00:00:25.44
CPU time was:         00:00:00.84
